[github.com/flipped-aurora/gin-vue-admin/server]2022/03/19 - 21:58:02.738	[31merror[0m	/Users/le/Documents/forGO/newbee-mall-api/core/server.go:38	accept tcp [::]:8888: use of closed network connection
[github.com/flipped-aurora/gin-vue-admin/server]2022/03/19 - 21:58:26.186	[31merror[0m	/Users/le/Documents/forGO/newbee-mall-api/api/v1/manage/mall_admin_user.go:77	æœªæŸ¥è¯¢åˆ°è®°å½•	{"error": "ä¸å­˜åœ¨çš„ç”¨æˆ·"}
[github.com/flipped-aurora/gin-vue-admin/server]2022/03/19 - 21:58:26.491	[31merror[0m	/Users/le/Documents/forGO/newbee-mall-api/api/v1/manage/mall_admin_user.go:77	æœªæŸ¥è¯¢åˆ°è®°å½•	{"error": "ä¸å­˜åœ¨çš„ç”¨æˆ·"}
[github.com/flipped-aurora/gin-vue-admin/server]2022/03/19 - 22:01:45.319	[31merror[0m	/Users/le/Documents/forGO/newbee-mall-api/core/server.go:38	accept tcp [::]:8888: use of closed network connection
[github.com/flipped-aurora/gin-vue-admin/server]2022/03/19 - 22:02:19.254	[31merror[0m	/Users/le/Documents/forGO/newbee-mall-api/core/server.go:38	accept tcp [::]:8888: use of closed network connection
[github.com/flipped-aurora/gin-vue-admin/server]2022/03/19 - 22:11:33.533	[31merror[0m	/Users/le/Documents/forGO/newbee-mall-api/api/v1/manage/mall_admin_user.go:77	æœªæŸ¥è¯¢åˆ°è®°å½•	{"error": "ä¸å­˜åœ¨çš„ç”¨æˆ·"}
[github.com/flipped-aurora/gin-vue-admin/server]2022/03/19 - 22:16:08.585	[31merror[0m	/Users/le/Documents/forGO/newbee-mall-api/core/server.go:38	accept tcp [::]:8888: use of closed network connection
[github.com/flipped-aurora/gin-vue-admin/server]2022/03/19 - 22:16:13.488	[31merror[0m	/Users/le/Documents/forGO/newbee-mall-api/api/v1/manage/mall_goods_category.go:57	è·å–å¤±è´¥ï¼	{"error": "Error 1054: Unknown column 'parent_id=2' in 'where clause'"}
[github.com/flipped-aurora/gin-vue-admin/server]2022/03/19 - 22:16:30.024	[31merror[0m	/Users/le/Documents/forGO/newbee-mall-api/core/server.go:38	accept tcp [::]:8888: use of closed network connection
[github.com/flipped-aurora/gin-vue-admin/server]2022/03/19 - 22:17:56.101	[31merror[0m	/Users/le/Documents/forGO/newbee-mall-api/core/server.go:38	accept tcp [::]:8888: use of closed network connection
[github.com/flipped-aurora/gin-vue-admin/server]2022/03/20 - 10:08:08.825	[31merror[0m	/Users/le/Documents/forGO/newbee-mall-api/api/v1/manage/mall_goods_category.go:29	åˆ›å»ºå¤±è´¥	{"error": "å­˜åœ¨ç›¸åŒåˆ†ç±»"}
[github.com/flipped-aurora/gin-vue-admin/server]2022/03/20 - 10:08:25.226	[31merror[0m	/Users/le/Documents/forGO/newbee-mall-api/api/v1/manage/mall_goods_category.go:29	åˆ›å»ºå¤±è´¥	{"error": "å­˜åœ¨ç›¸åŒåˆ†ç±»"}
[github.com/flipped-aurora/gin-vue-admin/server]2022/03/20 - 10:10:17.493	[31merror[0m	/Users/le/Documents/forGO/newbee-mall-api/core/server.go:38	accept tcp [::]:8888: use of closed network connection
[github.com/flipped-aurora/gin-vue-admin/server]2022/03/20 - 10:10:47.913	[31merror[0m	/Users/le/Documents/forGO/newbee-mall-api/api/v1/manage/mall_goods_category.go:29	åˆ›å»ºå¤±è´¥	{"error": "å­˜åœ¨ç›¸åŒåˆ†ç±»"}
[github.com/flipped-aurora/gin-vue-admin/server]2022/03/20 - 10:11:11.891	[31merror[0m	/Users/le/Documents/forGO/newbee-mall-api/api/v1/manage/mall_goods_category.go:87	åˆ é™¤å¤±è´¥ï¼	{"error": "Error 1054: Unknown column 'id' in 'where clause'"}
[github.com/flipped-aurora/gin-vue-admin/server]2022/03/20 - 10:12:21.481	[31merror[0m	/Users/le/Documents/forGO/newbee-mall-api/api/v1/manage/mall_goods_category.go:87	åˆ é™¤å¤±è´¥ï¼	{"error": "Error 1054: Unknown column 'id' in 'where clause'"}
[github.com/flipped-aurora/gin-vue-admin/server]2022/03/20 - 10:12:24.803	[31merror[0m	/Users/le/Documents/forGO/newbee-mall-api/core/server.go:38	accept tcp [::]:8888: use of closed network connection
[github.com/flipped-aurora/gin-vue-admin/server]2022/03/20 - 10:32:01.943	[31merror[0m	/Users/le/Documents/forGO/newbee-mall-api/core/server.go:38	accept tcp [::]:8888: use of closed network connection
[github.com/flipped-aurora/gin-vue-admin/server]2022/03/20 - 10:34:43.369	[31merror[0m	/Users/le/Documents/forGO/newbee-mall-api/api/v1/manage/mall_admin_user.go:75	æœªæŸ¥è¯¢åˆ°è®°å½•	{"error": "ä¸å­˜åœ¨çš„ç”¨æˆ·"}
[github.com/flipped-aurora/gin-vue-admin/server]2022/03/20 - 10:34:47.233	[31merror[0m	/Users/le/Documents/forGO/newbee-mall-api/api/v1/manage/mall_admin_user.go:75	æœªæŸ¥è¯¢åˆ°è®°å½•	{"error": "ä¸å­˜åœ¨çš„ç”¨æˆ·"}
[github.com/flipped-aurora/gin-vue-admin/server]2022/03/20 - 10:37:49.132	[31merror[0m	/Users/le/Documents/forGO/newbee-mall-api/api/v1/manage/mall_admin_user.go:75	æœªæŸ¥è¯¢åˆ°è®°å½•	{"error": "ä¸å­˜åœ¨çš„ç”¨æˆ·"}
[github.com/flipped-aurora/gin-vue-admin/server]2022/03/20 - 10:39:26.192	[31merror[0m	/Users/le/Documents/forGO/newbee-mall-api/core/server.go:38	accept tcp [::]:8888: use of closed network connection
[github.com/flipped-aurora/gin-vue-admin/server]2022/03/20 - 10:40:12.265	[31merror[0m	/Users/le/Documents/forGO/newbee-mall-api/api/v1/manage/mall_admin_user.go:75	æœªæŸ¥è¯¢åˆ°è®°å½•	{"error": "ä¸å­˜åœ¨çš„ç”¨æˆ·"}
[github.com/flipped-aurora/gin-vue-admin/server]2022/03/20 - 10:42:11.848	[31merror[0m	/Users/le/Documents/forGO/newbee-mall-api/core/server.go:38	accept tcp [::]:8888: use of closed network connection
[github.com/flipped-aurora/gin-vue-admin/server]2022/03/20 - 10:43:05.022	[31merror[0m	/Users/le/Documents/forGO/newbee-mall-api/core/server.go:38	accept tcp [::]:8888: use of closed network connection
[github.com/flipped-aurora/gin-vue-admin/server]2022/03/20 - 10:50:48.962	[31merror[0m	/Users/le/Documents/forGO/newbee-mall-api/core/server.go:38	accept tcp [::]:8888: use of closed network connection
[github.com/flipped-aurora/gin-vue-admin/server]2022/03/20 - 10:52:57.220	[31merror[0m	/Users/le/Documents/forGO/newbee-mall-api/core/server.go:38	accept tcp [::]:8888: use of closed network connection
[github.com/flipped-aurora/gin-vue-admin/server]2022/03/20 - 10:53:03.310	[31merror[0m	/Users/le/Documents/forGO/newbee-mall-api/api/v1/manage/mall_goods_category.go:44	æ›´æ–°å¤±è´¥	{"error": "WHERE conditions required"}
[github.com/flipped-aurora/gin-vue-admin/server]2022/03/20 - 10:53:12.087	[31merror[0m	/Users/le/Documents/forGO/newbee-mall-api/api/v1/manage/mall_goods_category.go:44	æ›´æ–°å¤±è´¥	{"error": "WHERE conditions required"}
[github.com/flipped-aurora/gin-vue-admin/server]2022/03/20 - 10:53:19.647	[31merror[0m	/Users/le/Documents/forGO/newbee-mall-api/core/server.go:38	accept tcp [::]:8888: use of closed network connection
[github.com/flipped-aurora/gin-vue-admin/server]2022/03/20 - 10:53:24.934	[31merror[0m	/Users/le/Documents/forGO/newbee-mall-api/api/v1/manage/mall_goods_category.go:44	æ›´æ–°å¤±è´¥	{"error": "WHERE conditions required"}
[github.com/flipped-aurora/gin-vue-admin/server]2022/03/20 - 10:53:36.665	[31merror[0m	/Users/le/Documents/forGO/newbee-mall-api/api/v1/manage/mall_goods_category.go:44	æ›´æ–°å¤±è´¥	{"error": "WHERE conditions required"}
[github.com/flipped-aurora/gin-vue-admin/server]2022/03/20 - 10:56:06.852	[31merror[0m	/Users/le/Documents/forGO/newbee-mall-api/core/server.go:38	accept tcp [::]:8888: use of closed network connection
[github.com/flipped-aurora/gin-vue-admin/server]2022/03/20 - 10:56:11.410	[31merror[0m	/Users/le/Documents/forGO/newbee-mall-api/api/v1/manage/mall_goods_category.go:44	æ›´æ–°å¤±è´¥	{"error": "Error 1048: Column 'create_time' cannot be null"}
[github.com/flipped-aurora/gin-vue-admin/server]2022/03/20 - 11:00:49.957	[31merror[0m	/Users/le/Documents/forGO/newbee-mall-api/core/server.go:38	accept tcp [::]:8888: use of closed network connection
[github.com/flipped-aurora/gin-vue-admin/server]2022/03/20 - 11:02:04.994	[31merror[0m	/Users/le/Documents/forGO/newbee-mall-api/core/server.go:38	accept tcp [::]:8888: use of closed network connection
[github.com/flipped-aurora/gin-vue-admin/server]2022/03/20 - 11:04:04.758	[31merror[0m	/Users/le/Documents/forGO/newbee-mall-api/api/v1/manage/mall_goods_category.go:44	æ›´æ–°å¤±è´¥	{"error": "å­˜åœ¨ç›¸åŒåˆ†ç±»"}
[github.com/flipped-aurora/gin-vue-admin/server]2022/03/20 - 11:06:12.370	[31merror[0m	/Users/le/Documents/forGO/newbee-mall-api/api/v1/manage/mall_goods_category.go:44	æ›´æ–°å¤±è´¥	{"error": "å­˜åœ¨ç›¸åŒåˆ†ç±»"}
[github.com/flipped-aurora/gin-vue-admin/server]2022/03/20 - 11:18:29.900	[31merror[0m	/Users/le/Documents/forGO/newbee-mall-api/api/v1/manage/mall_goods_category.go:44	æ›´æ–°å¤±è´¥	{"error": "å­˜åœ¨ç›¸åŒåˆ†ç±»"}
[github.com/flipped-aurora/gin-vue-admin/server]2022/03/20 - 11:42:49.848	[31merror[0m	/Users/le/Documents/forGO/newbee-mall-api/api/v1/manage/mall_admin_user.go:75	æœªæŸ¥è¯¢åˆ°è®°å½•	{"error": "ä¸å­˜åœ¨çš„ç”¨æˆ·"}
[github.com/flipped-aurora/gin-vue-admin/server]2022/03/20 - 11:54:44.006	[31merror[0m	/Users/le/Documents/forGO/newbee-mall-api/api/v1/manage/mall_admin_user.go:75	æœªæŸ¥è¯¢åˆ°è®°å½•	{"error": "ä¸å­˜åœ¨çš„ç”¨æˆ·"}
[github.com/flipped-aurora/gin-vue-admin/server]2022/03/20 - 12:01:41.873	[31merror[0m	/Users/le/Documents/forGO/newbee-mall-api/api/v1/manage/mall_admin_user.go:75	æœªæŸ¥è¯¢åˆ°è®°å½•	{"error": "ä¸å­˜åœ¨çš„ç”¨æˆ·"}
