[github.com/flipped-aurora/gin-vue-admin/server]2022/03/19 - 21:57:27.665	[34minfo[0m	/Users/le/Documents/forGO/newbee-mall-api/initialize/router.go:14	use middleware logger
[github.com/flipped-aurora/gin-vue-admin/server]2022/03/19 - 21:57:27.665	[34minfo[0m	/Users/le/Documents/forGO/newbee-mall-api/initialize/router.go:17	use middleware cors
[github.com/flipped-aurora/gin-vue-admin/server]2022/03/19 - 21:57:27.665	[34minfo[0m	/Users/le/Documents/forGO/newbee-mall-api/initialize/router.go:18	register swagger handler
[github.com/flipped-aurora/gin-vue-admin/server]2022/03/19 - 21:57:27.729	[34minfo[0m	/Users/le/Documents/forGO/newbee-mall-api/initialize/router.go:35	router register success
[github.com/flipped-aurora/gin-vue-admin/server]2022/03/19 - 21:57:27.729	[34minfo[0m	/Users/le/Documents/forGO/newbee-mall-api/core/server.go:36	server run success on 	{"address": ":8888"}
[github.com/flipped-aurora/gin-vue-admin/server]2022/03/19 - 21:58:24.918	[34minfo[0m	/Users/le/Documents/forGO/newbee-mall-api/initialize/router.go:14	use middleware logger
[github.com/flipped-aurora/gin-vue-admin/server]2022/03/19 - 21:58:24.918	[34minfo[0m	/Users/le/Documents/forGO/newbee-mall-api/initialize/router.go:17	use middleware cors
[github.com/flipped-aurora/gin-vue-admin/server]2022/03/19 - 21:58:24.918	[34minfo[0m	/Users/le/Documents/forGO/newbee-mall-api/initialize/router.go:18	register swagger handler
[github.com/flipped-aurora/gin-vue-admin/server]2022/03/19 - 21:58:25.007	[34minfo[0m	/Users/le/Documents/forGO/newbee-mall-api/initialize/router.go:35	router register success
[github.com/flipped-aurora/gin-vue-admin/server]2022/03/19 - 21:58:25.007	[34minfo[0m	/Users/le/Documents/forGO/newbee-mall-api/core/server.go:36	server run success on 	{"address": ":8888"}
[github.com/flipped-aurora/gin-vue-admin/server]2022/03/19 - 22:01:47.409	[34minfo[0m	/Users/le/Documents/forGO/newbee-mall-api/initialize/router.go:14	use middleware logger
[github.com/flipped-aurora/gin-vue-admin/server]2022/03/19 - 22:01:47.409	[34minfo[0m	/Users/le/Documents/forGO/newbee-mall-api/initialize/router.go:17	use middleware cors
[github.com/flipped-aurora/gin-vue-admin/server]2022/03/19 - 22:01:47.409	[34minfo[0m	/Users/le/Documents/forGO/newbee-mall-api/initialize/router.go:18	register swagger handler
[github.com/flipped-aurora/gin-vue-admin/server]2022/03/19 - 22:01:47.488	[34minfo[0m	/Users/le/Documents/forGO/newbee-mall-api/initialize/router.go:35	router register success
[github.com/flipped-aurora/gin-vue-admin/server]2022/03/19 - 22:01:47.488	[34minfo[0m	/Users/le/Documents/forGO/newbee-mall-api/core/server.go:36	server run success on 	{"address": ":8888"}
[github.com/flipped-aurora/gin-vue-admin/server]2022/03/19 - 22:11:27.390	[34minfo[0m	/Users/le/Documents/forGO/newbee-mall-api/initialize/router.go:14	use middleware logger
[github.com/flipped-aurora/gin-vue-admin/server]2022/03/19 - 22:11:27.391	[34minfo[0m	/Users/le/Documents/forGO/newbee-mall-api/initialize/router.go:17	use middleware cors
[github.com/flipped-aurora/gin-vue-admin/server]2022/03/19 - 22:11:27.391	[34minfo[0m	/Users/le/Documents/forGO/newbee-mall-api/initialize/router.go:18	register swagger handler
[github.com/flipped-aurora/gin-vue-admin/server]2022/03/19 - 22:11:27.500	[34minfo[0m	/Users/le/Documents/forGO/newbee-mall-api/initialize/router.go:35	router register success
[github.com/flipped-aurora/gin-vue-admin/server]2022/03/19 - 22:11:27.501	[34minfo[0m	/Users/le/Documents/forGO/newbee-mall-api/core/server.go:36	server run success on 	{"address": ":8888"}
[github.com/flipped-aurora/gin-vue-admin/server]2022/03/19 - 22:16:10.746	[34minfo[0m	/Users/le/Documents/forGO/newbee-mall-api/initialize/router.go:14	use middleware logger
[github.com/flipped-aurora/gin-vue-admin/server]2022/03/19 - 22:16:10.746	[34minfo[0m	/Users/le/Documents/forGO/newbee-mall-api/initialize/router.go:17	use middleware cors
[github.com/flipped-aurora/gin-vue-admin/server]2022/03/19 - 22:16:10.746	[34minfo[0m	/Users/le/Documents/forGO/newbee-mall-api/initialize/router.go:18	register swagger handler
[github.com/flipped-aurora/gin-vue-admin/server]2022/03/19 - 22:16:10.799	[34minfo[0m	/Users/le/Documents/forGO/newbee-mall-api/initialize/router.go:35	router register success
[github.com/flipped-aurora/gin-vue-admin/server]2022/03/19 - 22:16:10.800	[34minfo[0m	/Users/le/Documents/forGO/newbee-mall-api/core/server.go:36	server run success on 	{"address": ":8888"}
[github.com/flipped-aurora/gin-vue-admin/server]2022/03/19 - 22:16:32.048	[34minfo[0m	/Users/le/Documents/forGO/newbee-mall-api/initialize/router.go:14	use middleware logger
[github.com/flipped-aurora/gin-vue-admin/server]2022/03/19 - 22:16:32.048	[34minfo[0m	/Users/le/Documents/forGO/newbee-mall-api/initialize/router.go:17	use middleware cors
[github.com/flipped-aurora/gin-vue-admin/server]2022/03/19 - 22:16:32.048	[34minfo[0m	/Users/le/Documents/forGO/newbee-mall-api/initialize/router.go:18	register swagger handler
[github.com/flipped-aurora/gin-vue-admin/server]2022/03/19 - 22:16:32.159	[34minfo[0m	/Users/le/Documents/forGO/newbee-mall-api/initialize/router.go:35	router register success
[github.com/flipped-aurora/gin-vue-admin/server]2022/03/19 - 22:16:32.160	[34minfo[0m	/Users/le/Documents/forGO/newbee-mall-api/core/server.go:36	server run success on 	{"address": ":8888"}
[github.com/flipped-aurora/gin-vue-admin/server]2022/03/20 - 10:05:46.687	[34minfo[0m	/Users/le/Documents/forGO/newbee-mall-api/initialize/router.go:14	use middleware logger
[github.com/flipped-aurora/gin-vue-admin/server]2022/03/20 - 10:05:46.688	[34minfo[0m	/Users/le/Documents/forGO/newbee-mall-api/initialize/router.go:17	use middleware cors
[github.com/flipped-aurora/gin-vue-admin/server]2022/03/20 - 10:05:46.688	[34minfo[0m	/Users/le/Documents/forGO/newbee-mall-api/initialize/router.go:18	register swagger handler
[github.com/flipped-aurora/gin-vue-admin/server]2022/03/20 - 10:05:46.795	[34minfo[0m	/Users/le/Documents/forGO/newbee-mall-api/initialize/router.go:35	router register success
[github.com/flipped-aurora/gin-vue-admin/server]2022/03/20 - 10:05:46.796	[34minfo[0m	/Users/le/Documents/forGO/newbee-mall-api/core/server.go:36	server run success on 	{"address": ":8888"}
[github.com/flipped-aurora/gin-vue-admin/server]2022/03/20 - 10:10:31.768	[34minfo[0m	/Users/le/Documents/forGO/newbee-mall-api/initialize/router.go:14	use middleware logger
[github.com/flipped-aurora/gin-vue-admin/server]2022/03/20 - 10:10:31.768	[34minfo[0m	/Users/le/Documents/forGO/newbee-mall-api/initialize/router.go:17	use middleware cors
[github.com/flipped-aurora/gin-vue-admin/server]2022/03/20 - 10:10:31.768	[34minfo[0m	/Users/le/Documents/forGO/newbee-mall-api/initialize/router.go:18	register swagger handler
[github.com/flipped-aurora/gin-vue-admin/server]2022/03/20 - 10:10:31.949	[34minfo[0m	/Users/le/Documents/forGO/newbee-mall-api/initialize/router.go:35	router register success
[github.com/flipped-aurora/gin-vue-admin/server]2022/03/20 - 10:10:31.950	[34minfo[0m	/Users/le/Documents/forGO/newbee-mall-api/core/server.go:36	server run success on 	{"address": ":8888"}
[github.com/flipped-aurora/gin-vue-admin/server]2022/03/20 - 10:12:26.269	[34minfo[0m	/Users/le/Documents/forGO/newbee-mall-api/initialize/router.go:14	use middleware logger
[github.com/flipped-aurora/gin-vue-admin/server]2022/03/20 - 10:12:26.272	[34minfo[0m	/Users/le/Documents/forGO/newbee-mall-api/initialize/router.go:17	use middleware cors
[github.com/flipped-aurora/gin-vue-admin/server]2022/03/20 - 10:12:26.272	[34minfo[0m	/Users/le/Documents/forGO/newbee-mall-api/initialize/router.go:18	register swagger handler
[github.com/flipped-aurora/gin-vue-admin/server]2022/03/20 - 10:12:26.378	[34minfo[0m	/Users/le/Documents/forGO/newbee-mall-api/initialize/router.go:35	router register success
[github.com/flipped-aurora/gin-vue-admin/server]2022/03/20 - 10:12:26.378	[34minfo[0m	/Users/le/Documents/forGO/newbee-mall-api/core/server.go:36	server run success on 	{"address": ":8888"}
[github.com/flipped-aurora/gin-vue-admin/server]2022/03/20 - 10:32:12.126	[34minfo[0m	/Users/le/Documents/forGO/newbee-mall-api/initialize/router.go:14	use middleware logger
[github.com/flipped-aurora/gin-vue-admin/server]2022/03/20 - 10:32:12.127	[34minfo[0m	/Users/le/Documents/forGO/newbee-mall-api/initialize/router.go:17	use middleware cors
[github.com/flipped-aurora/gin-vue-admin/server]2022/03/20 - 10:32:12.127	[34minfo[0m	/Users/le/Documents/forGO/newbee-mall-api/initialize/router.go:18	register swagger handler
[github.com/flipped-aurora/gin-vue-admin/server]2022/03/20 - 10:32:12.224	[34minfo[0m	/Users/le/Documents/forGO/newbee-mall-api/initialize/router.go:35	router register success
[github.com/flipped-aurora/gin-vue-admin/server]2022/03/20 - 10:32:12.224	[34minfo[0m	/Users/le/Documents/forGO/newbee-mall-api/core/server.go:36	server run success on 	{"address": ":8888"}
[github.com/flipped-aurora/gin-vue-admin/server]2022/03/20 - 10:40:03.912	[34minfo[0m	/Users/le/Documents/forGO/newbee-mall-api/initialize/router.go:14	use middleware logger
[github.com/flipped-aurora/gin-vue-admin/server]2022/03/20 - 10:40:03.913	[34minfo[0m	/Users/le/Documents/forGO/newbee-mall-api/initialize/router.go:17	use middleware cors
[github.com/flipped-aurora/gin-vue-admin/server]2022/03/20 - 10:40:03.913	[34minfo[0m	/Users/le/Documents/forGO/newbee-mall-api/initialize/router.go:18	register swagger handler
[github.com/flipped-aurora/gin-vue-admin/server]2022/03/20 - 10:40:04.015	[34minfo[0m	/Users/le/Documents/forGO/newbee-mall-api/initialize/router.go:35	router register success
[github.com/flipped-aurora/gin-vue-admin/server]2022/03/20 - 10:40:04.016	[34minfo[0m	/Users/le/Documents/forGO/newbee-mall-api/core/server.go:36	server run success on 	{"address": ":8888"}
[github.com/flipped-aurora/gin-vue-admin/server]2022/03/20 - 10:42:13.198	[34minfo[0m	/Users/le/Documents/forGO/newbee-mall-api/initialize/router.go:14	use middleware logger
[github.com/flipped-aurora/gin-vue-admin/server]2022/03/20 - 10:42:13.198	[34minfo[0m	/Users/le/Documents/forGO/newbee-mall-api/initialize/router.go:17	use middleware cors
[github.com/flipped-aurora/gin-vue-admin/server]2022/03/20 - 10:42:13.198	[34minfo[0m	/Users/le/Documents/forGO/newbee-mall-api/initialize/router.go:18	register swagger handler
[github.com/flipped-aurora/gin-vue-admin/server]2022/03/20 - 10:42:13.259	[34minfo[0m	/Users/le/Documents/forGO/newbee-mall-api/initialize/router.go:35	router register success
[github.com/flipped-aurora/gin-vue-admin/server]2022/03/20 - 10:42:13.259	[34minfo[0m	/Users/le/Documents/forGO/newbee-mall-api/core/server.go:36	server run success on 	{"address": ":8888"}
[github.com/flipped-aurora/gin-vue-admin/server]2022/03/20 - 10:43:06.413	[34minfo[0m	/Users/le/Documents/forGO/newbee-mall-api/initialize/router.go:14	use middleware logger
[github.com/flipped-aurora/gin-vue-admin/server]2022/03/20 - 10:43:06.417	[34minfo[0m	/Users/le/Documents/forGO/newbee-mall-api/initialize/router.go:17	use middleware cors
[github.com/flipped-aurora/gin-vue-admin/server]2022/03/20 - 10:43:06.417	[34minfo[0m	/Users/le/Documents/forGO/newbee-mall-api/initialize/router.go:18	register swagger handler
[github.com/flipped-aurora/gin-vue-admin/server]2022/03/20 - 10:43:06.489	[34minfo[0m	/Users/le/Documents/forGO/newbee-mall-api/initialize/router.go:35	router register success
[github.com/flipped-aurora/gin-vue-admin/server]2022/03/20 - 10:43:06.489	[34minfo[0m	/Users/le/Documents/forGO/newbee-mall-api/core/server.go:36	server run success on 	{"address": ":8888"}
[github.com/flipped-aurora/gin-vue-admin/server]2022/03/20 - 10:50:50.450	[34minfo[0m	/Users/le/Documents/forGO/newbee-mall-api/initialize/router.go:14	use middleware logger
[github.com/flipped-aurora/gin-vue-admin/server]2022/03/20 - 10:50:50.450	[34minfo[0m	/Users/le/Documents/forGO/newbee-mall-api/initialize/router.go:17	use middleware cors
[github.com/flipped-aurora/gin-vue-admin/server]2022/03/20 - 10:50:50.450	[34minfo[0m	/Users/le/Documents/forGO/newbee-mall-api/initialize/router.go:18	register swagger handler
[github.com/flipped-aurora/gin-vue-admin/server]2022/03/20 - 10:50:50.548	[34minfo[0m	/Users/le/Documents/forGO/newbee-mall-api/initialize/router.go:35	router register success
[github.com/flipped-aurora/gin-vue-admin/server]2022/03/20 - 10:50:50.548	[34minfo[0m	/Users/le/Documents/forGO/newbee-mall-api/core/server.go:36	server run success on 	{"address": ":8888"}
[github.com/flipped-aurora/gin-vue-admin/server]2022/03/20 - 10:52:58.905	[34minfo[0m	/Users/le/Documents/forGO/newbee-mall-api/initialize/router.go:14	use middleware logger
[github.com/flipped-aurora/gin-vue-admin/server]2022/03/20 - 10:52:58.905	[34minfo[0m	/Users/le/Documents/forGO/newbee-mall-api/initialize/router.go:17	use middleware cors
[github.com/flipped-aurora/gin-vue-admin/server]2022/03/20 - 10:52:58.905	[34minfo[0m	/Users/le/Documents/forGO/newbee-mall-api/initialize/router.go:18	register swagger handler
[github.com/flipped-aurora/gin-vue-admin/server]2022/03/20 - 10:52:59.012	[34minfo[0m	/Users/le/Documents/forGO/newbee-mall-api/initialize/router.go:35	router register success
[github.com/flipped-aurora/gin-vue-admin/server]2022/03/20 - 10:52:59.012	[34minfo[0m	/Users/le/Documents/forGO/newbee-mall-api/core/server.go:36	server run success on 	{"address": ":8888"}
[github.com/flipped-aurora/gin-vue-admin/server]2022/03/20 - 10:53:21.798	[34minfo[0m	/Users/le/Documents/forGO/newbee-mall-api/initialize/router.go:14	use middleware logger
[github.com/flipped-aurora/gin-vue-admin/server]2022/03/20 - 10:53:21.798	[34minfo[0m	/Users/le/Documents/forGO/newbee-mall-api/initialize/router.go:17	use middleware cors
[github.com/flipped-aurora/gin-vue-admin/server]2022/03/20 - 10:53:21.798	[34minfo[0m	/Users/le/Documents/forGO/newbee-mall-api/initialize/router.go:18	register swagger handler
[github.com/flipped-aurora/gin-vue-admin/server]2022/03/20 - 10:53:21.852	[34minfo[0m	/Users/le/Documents/forGO/newbee-mall-api/initialize/router.go:35	router register success
[github.com/flipped-aurora/gin-vue-admin/server]2022/03/20 - 10:53:21.854	[34minfo[0m	/Users/le/Documents/forGO/newbee-mall-api/core/server.go:36	server run success on 	{"address": ":8888"}
[github.com/flipped-aurora/gin-vue-admin/server]2022/03/20 - 10:56:08.894	[34minfo[0m	/Users/le/Documents/forGO/newbee-mall-api/initialize/router.go:14	use middleware logger
[github.com/flipped-aurora/gin-vue-admin/server]2022/03/20 - 10:56:08.894	[34minfo[0m	/Users/le/Documents/forGO/newbee-mall-api/initialize/router.go:17	use middleware cors
[github.com/flipped-aurora/gin-vue-admin/server]2022/03/20 - 10:56:08.894	[34minfo[0m	/Users/le/Documents/forGO/newbee-mall-api/initialize/router.go:18	register swagger handler
[github.com/flipped-aurora/gin-vue-admin/server]2022/03/20 - 10:56:08.985	[34minfo[0m	/Users/le/Documents/forGO/newbee-mall-api/initialize/router.go:35	router register success
[github.com/flipped-aurora/gin-vue-admin/server]2022/03/20 - 10:56:08.985	[34minfo[0m	/Users/le/Documents/forGO/newbee-mall-api/core/server.go:36	server run success on 	{"address": ":8888"}
[github.com/flipped-aurora/gin-vue-admin/server]2022/03/20 - 11:00:52.228	[34minfo[0m	/Users/le/Documents/forGO/newbee-mall-api/initialize/router.go:14	use middleware logger
[github.com/flipped-aurora/gin-vue-admin/server]2022/03/20 - 11:00:52.228	[34minfo[0m	/Users/le/Documents/forGO/newbee-mall-api/initialize/router.go:17	use middleware cors
[github.com/flipped-aurora/gin-vue-admin/server]2022/03/20 - 11:00:52.228	[34minfo[0m	/Users/le/Documents/forGO/newbee-mall-api/initialize/router.go:18	register swagger handler
[github.com/flipped-aurora/gin-vue-admin/server]2022/03/20 - 11:00:52.307	[34minfo[0m	/Users/le/Documents/forGO/newbee-mall-api/initialize/router.go:35	router register success
[github.com/flipped-aurora/gin-vue-admin/server]2022/03/20 - 11:00:52.307	[34minfo[0m	/Users/le/Documents/forGO/newbee-mall-api/core/server.go:36	server run success on 	{"address": ":8888"}
[github.com/flipped-aurora/gin-vue-admin/server]2022/03/20 - 11:02:15.963	[34minfo[0m	/Users/le/Documents/forGO/newbee-mall-api/initialize/router.go:14	use middleware logger
[github.com/flipped-aurora/gin-vue-admin/server]2022/03/20 - 11:02:15.963	[34minfo[0m	/Users/le/Documents/forGO/newbee-mall-api/initialize/router.go:17	use middleware cors
[github.com/flipped-aurora/gin-vue-admin/server]2022/03/20 - 11:02:15.963	[34minfo[0m	/Users/le/Documents/forGO/newbee-mall-api/initialize/router.go:18	register swagger handler
[github.com/flipped-aurora/gin-vue-admin/server]2022/03/20 - 11:02:15.963	[34minfo[0m	/Users/le/Documents/forGO/newbee-mall-api/initialize/router.go:35	router register success
[github.com/flipped-aurora/gin-vue-admin/server]2022/03/20 - 11:02:15.963	[34minfo[0m	/Users/le/Documents/forGO/newbee-mall-api/core/server.go:36	server run success on 	{"address": ":8888"}
[github.com/flipped-aurora/gin-vue-admin/server]2022/03/20 - 11:04:01.950	[34minfo[0m	/Users/le/Documents/forGO/newbee-mall-api/initialize/router.go:14	use middleware logger
[github.com/flipped-aurora/gin-vue-admin/server]2022/03/20 - 11:04:01.950	[34minfo[0m	/Users/le/Documents/forGO/newbee-mall-api/initialize/router.go:17	use middleware cors
[github.com/flipped-aurora/gin-vue-admin/server]2022/03/20 - 11:04:01.950	[34minfo[0m	/Users/le/Documents/forGO/newbee-mall-api/initialize/router.go:18	register swagger handler
[github.com/flipped-aurora/gin-vue-admin/server]2022/03/20 - 11:04:01.950	[34minfo[0m	/Users/le/Documents/forGO/newbee-mall-api/initialize/router.go:35	router register success
[github.com/flipped-aurora/gin-vue-admin/server]2022/03/20 - 11:04:01.950	[34minfo[0m	/Users/le/Documents/forGO/newbee-mall-api/core/server.go:36	server run success on 	{"address": ":8888"}
[github.com/flipped-aurora/gin-vue-admin/server]2022/03/20 - 11:06:08.797	[34minfo[0m	/Users/le/Documents/forGO/newbee-mall-api/initialize/router.go:14	use middleware logger
[github.com/flipped-aurora/gin-vue-admin/server]2022/03/20 - 11:06:08.797	[34minfo[0m	/Users/le/Documents/forGO/newbee-mall-api/initialize/router.go:17	use middleware cors
[github.com/flipped-aurora/gin-vue-admin/server]2022/03/20 - 11:06:08.797	[34minfo[0m	/Users/le/Documents/forGO/newbee-mall-api/initialize/router.go:18	register swagger handler
[github.com/flipped-aurora/gin-vue-admin/server]2022/03/20 - 11:06:08.797	[34minfo[0m	/Users/le/Documents/forGO/newbee-mall-api/initialize/router.go:35	router register success
[github.com/flipped-aurora/gin-vue-admin/server]2022/03/20 - 11:06:08.797	[34minfo[0m	/Users/le/Documents/forGO/newbee-mall-api/core/server.go:36	server run success on 	{"address": ":8888"}
[github.com/flipped-aurora/gin-vue-admin/server]2022/03/20 - 11:14:53.733	[34minfo[0m	/Users/le/Documents/forGO/newbee-mall-api/initialize/router.go:14	use middleware logger
[github.com/flipped-aurora/gin-vue-admin/server]2022/03/20 - 11:14:53.733	[34minfo[0m	/Users/le/Documents/forGO/newbee-mall-api/initialize/router.go:17	use middleware cors
[github.com/flipped-aurora/gin-vue-admin/server]2022/03/20 - 11:14:53.733	[34minfo[0m	/Users/le/Documents/forGO/newbee-mall-api/initialize/router.go:18	register swagger handler
[github.com/flipped-aurora/gin-vue-admin/server]2022/03/20 - 11:14:53.733	[34minfo[0m	/Users/le/Documents/forGO/newbee-mall-api/initialize/router.go:35	router register success
[github.com/flipped-aurora/gin-vue-admin/server]2022/03/20 - 11:14:53.733	[34minfo[0m	/Users/le/Documents/forGO/newbee-mall-api/core/server.go:36	server run success on 	{"address": ":8888"}
[github.com/flipped-aurora/gin-vue-admin/server]2022/03/20 - 11:16:04.397	[34minfo[0m	/Users/le/Documents/forGO/newbee-mall-api/initialize/router.go:14	use middleware logger
[github.com/flipped-aurora/gin-vue-admin/server]2022/03/20 - 11:16:04.397	[34minfo[0m	/Users/le/Documents/forGO/newbee-mall-api/initialize/router.go:17	use middleware cors
[github.com/flipped-aurora/gin-vue-admin/server]2022/03/20 - 11:16:04.397	[34minfo[0m	/Users/le/Documents/forGO/newbee-mall-api/initialize/router.go:18	register swagger handler
[github.com/flipped-aurora/gin-vue-admin/server]2022/03/20 - 11:16:04.397	[34minfo[0m	/Users/le/Documents/forGO/newbee-mall-api/initialize/router.go:35	router register success
[github.com/flipped-aurora/gin-vue-admin/server]2022/03/20 - 11:16:04.398	[34minfo[0m	/Users/le/Documents/forGO/newbee-mall-api/core/server.go:36	server run success on 	{"address": ":8888"}
[github.com/flipped-aurora/gin-vue-admin/server]2022/03/20 - 11:18:17.090	[34minfo[0m	/Users/le/Documents/forGO/newbee-mall-api/initialize/router.go:14	use middleware logger
[github.com/flipped-aurora/gin-vue-admin/server]2022/03/20 - 11:18:17.090	[34minfo[0m	/Users/le/Documents/forGO/newbee-mall-api/initialize/router.go:17	use middleware cors
[github.com/flipped-aurora/gin-vue-admin/server]2022/03/20 - 11:18:17.090	[34minfo[0m	/Users/le/Documents/forGO/newbee-mall-api/initialize/router.go:18	register swagger handler
[github.com/flipped-aurora/gin-vue-admin/server]2022/03/20 - 11:18:17.090	[34minfo[0m	/Users/le/Documents/forGO/newbee-mall-api/initialize/router.go:35	router register success
[github.com/flipped-aurora/gin-vue-admin/server]2022/03/20 - 11:18:17.090	[34minfo[0m	/Users/le/Documents/forGO/newbee-mall-api/core/server.go:36	server run success on 	{"address": ":8888"}
[github.com/flipped-aurora/gin-vue-admin/server]2022/03/20 - 11:20:12.484	[34minfo[0m	/Users/le/Documents/forGO/newbee-mall-api/initialize/router.go:14	use middleware logger
[github.com/flipped-aurora/gin-vue-admin/server]2022/03/20 - 11:20:12.484	[34minfo[0m	/Users/le/Documents/forGO/newbee-mall-api/initialize/router.go:17	use middleware cors
[github.com/flipped-aurora/gin-vue-admin/server]2022/03/20 - 11:20:12.484	[34minfo[0m	/Users/le/Documents/forGO/newbee-mall-api/initialize/router.go:18	register swagger handler
[github.com/flipped-aurora/gin-vue-admin/server]2022/03/20 - 11:20:12.484	[34minfo[0m	/Users/le/Documents/forGO/newbee-mall-api/initialize/router.go:35	router register success
[github.com/flipped-aurora/gin-vue-admin/server]2022/03/20 - 11:20:12.484	[34minfo[0m	/Users/le/Documents/forGO/newbee-mall-api/core/server.go:36	server run success on 	{"address": ":8888"}
[github.com/flipped-aurora/gin-vue-admin/server]2022/03/20 - 11:23:27.375	[34minfo[0m	/Users/le/Documents/forGO/newbee-mall-api/initialize/router.go:14	use middleware logger
[github.com/flipped-aurora/gin-vue-admin/server]2022/03/20 - 11:23:27.376	[34minfo[0m	/Users/le/Documents/forGO/newbee-mall-api/initialize/router.go:17	use middleware cors
[github.com/flipped-aurora/gin-vue-admin/server]2022/03/20 - 11:23:27.376	[34minfo[0m	/Users/le/Documents/forGO/newbee-mall-api/initialize/router.go:18	register swagger handler
[github.com/flipped-aurora/gin-vue-admin/server]2022/03/20 - 11:23:27.376	[34minfo[0m	/Users/le/Documents/forGO/newbee-mall-api/initialize/router.go:35	router register success
[github.com/flipped-aurora/gin-vue-admin/server]2022/03/20 - 11:23:27.376	[34minfo[0m	/Users/le/Documents/forGO/newbee-mall-api/core/server.go:36	server run success on 	{"address": ":8888"}
[github.com/flipped-aurora/gin-vue-admin/server]2022/03/20 - 11:26:41.908	[34minfo[0m	/Users/le/Documents/forGO/newbee-mall-api/initialize/router.go:14	use middleware logger
[github.com/flipped-aurora/gin-vue-admin/server]2022/03/20 - 11:26:41.908	[34minfo[0m	/Users/le/Documents/forGO/newbee-mall-api/initialize/router.go:17	use middleware cors
[github.com/flipped-aurora/gin-vue-admin/server]2022/03/20 - 11:26:41.908	[34minfo[0m	/Users/le/Documents/forGO/newbee-mall-api/initialize/router.go:18	register swagger handler
[github.com/flipped-aurora/gin-vue-admin/server]2022/03/20 - 11:26:41.909	[34minfo[0m	/Users/le/Documents/forGO/newbee-mall-api/initialize/router.go:35	router register success
[github.com/flipped-aurora/gin-vue-admin/server]2022/03/20 - 11:26:41.909	[34minfo[0m	/Users/le/Documents/forGO/newbee-mall-api/core/server.go:36	server run success on 	{"address": ":8888"}
[github.com/flipped-aurora/gin-vue-admin/server]2022/03/20 - 11:27:09.669	[34minfo[0m	/Users/le/Documents/forGO/newbee-mall-api/initialize/router.go:14	use middleware logger
[github.com/flipped-aurora/gin-vue-admin/server]2022/03/20 - 11:27:09.669	[34minfo[0m	/Users/le/Documents/forGO/newbee-mall-api/initialize/router.go:17	use middleware cors
[github.com/flipped-aurora/gin-vue-admin/server]2022/03/20 - 11:27:09.669	[34minfo[0m	/Users/le/Documents/forGO/newbee-mall-api/initialize/router.go:18	register swagger handler
[github.com/flipped-aurora/gin-vue-admin/server]2022/03/20 - 11:27:09.669	[34minfo[0m	/Users/le/Documents/forGO/newbee-mall-api/initialize/router.go:35	router register success
[github.com/flipped-aurora/gin-vue-admin/server]2022/03/20 - 11:27:09.670	[34minfo[0m	/Users/le/Documents/forGO/newbee-mall-api/core/server.go:36	server run success on 	{"address": ":8888"}
[github.com/flipped-aurora/gin-vue-admin/server]2022/03/20 - 11:32:55.571	[34minfo[0m	/Users/le/Documents/forGO/newbee-mall-api/initialize/router.go:14	use middleware logger
[github.com/flipped-aurora/gin-vue-admin/server]2022/03/20 - 11:32:55.571	[34minfo[0m	/Users/le/Documents/forGO/newbee-mall-api/initialize/router.go:17	use middleware cors
[github.com/flipped-aurora/gin-vue-admin/server]2022/03/20 - 11:32:55.571	[34minfo[0m	/Users/le/Documents/forGO/newbee-mall-api/initialize/router.go:18	register swagger handler
[github.com/flipped-aurora/gin-vue-admin/server]2022/03/20 - 11:32:55.571	[34minfo[0m	/Users/le/Documents/forGO/newbee-mall-api/initialize/router.go:35	router register success
[github.com/flipped-aurora/gin-vue-admin/server]2022/03/20 - 11:32:55.572	[34minfo[0m	/Users/le/Documents/forGO/newbee-mall-api/core/server.go:36	server run success on 	{"address": ":8888"}
[github.com/flipped-aurora/gin-vue-admin/server]2022/03/20 - 11:35:38.221	[34minfo[0m	/Users/le/Documents/forGO/newbee-mall-api/initialize/router.go:14	use middleware logger
[github.com/flipped-aurora/gin-vue-admin/server]2022/03/20 - 11:35:38.221	[34minfo[0m	/Users/le/Documents/forGO/newbee-mall-api/initialize/router.go:17	use middleware cors
[github.com/flipped-aurora/gin-vue-admin/server]2022/03/20 - 11:35:38.221	[34minfo[0m	/Users/le/Documents/forGO/newbee-mall-api/initialize/router.go:18	register swagger handler
[github.com/flipped-aurora/gin-vue-admin/server]2022/03/20 - 11:35:38.221	[34minfo[0m	/Users/le/Documents/forGO/newbee-mall-api/initialize/router.go:35	router register success
[github.com/flipped-aurora/gin-vue-admin/server]2022/03/20 - 11:35:38.221	[34minfo[0m	/Users/le/Documents/forGO/newbee-mall-api/core/server.go:36	server run success on 	{"address": ":8888"}
[github.com/flipped-aurora/gin-vue-admin/server]2022/03/20 - 11:36:00.977	[34minfo[0m	/Users/le/Documents/forGO/newbee-mall-api/initialize/router.go:14	use middleware logger
[github.com/flipped-aurora/gin-vue-admin/server]2022/03/20 - 11:36:00.977	[34minfo[0m	/Users/le/Documents/forGO/newbee-mall-api/initialize/router.go:17	use middleware cors
[github.com/flipped-aurora/gin-vue-admin/server]2022/03/20 - 11:36:00.977	[34minfo[0m	/Users/le/Documents/forGO/newbee-mall-api/initialize/router.go:18	register swagger handler
[github.com/flipped-aurora/gin-vue-admin/server]2022/03/20 - 11:36:00.978	[34minfo[0m	/Users/le/Documents/forGO/newbee-mall-api/initialize/router.go:35	router register success
[github.com/flipped-aurora/gin-vue-admin/server]2022/03/20 - 11:36:00.978	[34minfo[0m	/Users/le/Documents/forGO/newbee-mall-api/core/server.go:36	server run success on 	{"address": ":8888"}
[github.com/flipped-aurora/gin-vue-admin/server]2022/03/20 - 11:38:02.206	[34minfo[0m	/Users/le/Documents/forGO/newbee-mall-api/initialize/router.go:14	use middleware logger
[github.com/flipped-aurora/gin-vue-admin/server]2022/03/20 - 11:38:02.207	[34minfo[0m	/Users/le/Documents/forGO/newbee-mall-api/initialize/router.go:17	use middleware cors
[github.com/flipped-aurora/gin-vue-admin/server]2022/03/20 - 11:38:02.207	[34minfo[0m	/Users/le/Documents/forGO/newbee-mall-api/initialize/router.go:18	register swagger handler
[github.com/flipped-aurora/gin-vue-admin/server]2022/03/20 - 11:38:02.207	[34minfo[0m	/Users/le/Documents/forGO/newbee-mall-api/initialize/router.go:35	router register success
[github.com/flipped-aurora/gin-vue-admin/server]2022/03/20 - 11:38:02.207	[34minfo[0m	/Users/le/Documents/forGO/newbee-mall-api/core/server.go:36	server run success on 	{"address": ":8888"}
[github.com/flipped-aurora/gin-vue-admin/server]2022/03/20 - 11:40:46.639	[34minfo[0m	/Users/le/Documents/forGO/newbee-mall-api/initialize/router.go:14	use middleware logger
[github.com/flipped-aurora/gin-vue-admin/server]2022/03/20 - 11:40:46.639	[34minfo[0m	/Users/le/Documents/forGO/newbee-mall-api/initialize/router.go:17	use middleware cors
[github.com/flipped-aurora/gin-vue-admin/server]2022/03/20 - 11:40:46.639	[34minfo[0m	/Users/le/Documents/forGO/newbee-mall-api/initialize/router.go:18	register swagger handler
[github.com/flipped-aurora/gin-vue-admin/server]2022/03/20 - 11:40:46.640	[34minfo[0m	/Users/le/Documents/forGO/newbee-mall-api/initialize/router.go:35	router register success
[github.com/flipped-aurora/gin-vue-admin/server]2022/03/20 - 11:40:46.640	[34minfo[0m	/Users/le/Documents/forGO/newbee-mall-api/core/server.go:36	server run success on 	{"address": ":8888"}
[github.com/flipped-aurora/gin-vue-admin/server]2022/03/20 - 11:55:50.697	[34minfo[0m	/Users/le/Documents/forGO/newbee-mall-api/initialize/router.go:14	use middleware logger
[github.com/flipped-aurora/gin-vue-admin/server]2022/03/20 - 11:55:50.698	[34minfo[0m	/Users/le/Documents/forGO/newbee-mall-api/initialize/router.go:17	use middleware cors
[github.com/flipped-aurora/gin-vue-admin/server]2022/03/20 - 11:55:50.698	[34minfo[0m	/Users/le/Documents/forGO/newbee-mall-api/initialize/router.go:18	register swagger handler
[github.com/flipped-aurora/gin-vue-admin/server]2022/03/20 - 11:55:50.698	[34minfo[0m	/Users/le/Documents/forGO/newbee-mall-api/initialize/router.go:35	router register success
[github.com/flipped-aurora/gin-vue-admin/server]2022/03/20 - 11:55:50.698	[34minfo[0m	/Users/le/Documents/forGO/newbee-mall-api/core/server.go:36	server run success on 	{"address": ":8888"}
[github.com/flipped-aurora/gin-vue-admin/server]2022/03/20 - 12:00:56.536	[34minfo[0m	/Users/le/Documents/forGO/newbee-mall-api/initialize/router.go:14	use middleware logger
[github.com/flipped-aurora/gin-vue-admin/server]2022/03/20 - 12:00:56.536	[34minfo[0m	/Users/le/Documents/forGO/newbee-mall-api/initialize/router.go:17	use middleware cors
[github.com/flipped-aurora/gin-vue-admin/server]2022/03/20 - 12:00:56.536	[34minfo[0m	/Users/le/Documents/forGO/newbee-mall-api/initialize/router.go:18	register swagger handler
[github.com/flipped-aurora/gin-vue-admin/server]2022/03/20 - 12:00:56.537	[34minfo[0m	/Users/le/Documents/forGO/newbee-mall-api/initialize/router.go:35	router register success
[github.com/flipped-aurora/gin-vue-admin/server]2022/03/20 - 12:00:56.537	[34minfo[0m	/Users/le/Documents/forGO/newbee-mall-api/core/server.go:36	server run success on 	{"address": ":8888"}
[github.com/flipped-aurora/gin-vue-admin/server]2022/03/20 - 12:01:38.586	[34minfo[0m	/Users/le/Documents/forGO/newbee-mall-api/initialize/router.go:14	use middleware logger
[github.com/flipped-aurora/gin-vue-admin/server]2022/03/20 - 12:01:38.586	[34minfo[0m	/Users/le/Documents/forGO/newbee-mall-api/initialize/router.go:17	use middleware cors
[github.com/flipped-aurora/gin-vue-admin/server]2022/03/20 - 12:01:38.586	[34minfo[0m	/Users/le/Documents/forGO/newbee-mall-api/initialize/router.go:18	register swagger handler
[github.com/flipped-aurora/gin-vue-admin/server]2022/03/20 - 12:01:38.587	[34minfo[0m	/Users/le/Documents/forGO/newbee-mall-api/initialize/router.go:35	router register success
[github.com/flipped-aurora/gin-vue-admin/server]2022/03/20 - 12:01:38.587	[34minfo[0m	/Users/le/Documents/forGO/newbee-mall-api/core/server.go:36	server run success on 	{"address": ":8888"}
